<?xml version="1.0" encoding="UTF-8"?>
<!-- Generated by org.testng.reporters.JUnitReportReporter -->
<testsuite hostname="LENOVO-B40" failures="0" tests="1" name="Academytoolsqa.ReadWriteExcel" time="1.120" errors="0" timestamp="2020-09-30T16:07:48 IST" skipped="0">
  <testcase classname="Academytoolsqa.ReadWriteExcel" name="ReadData" time="1.120"/>
  <system-out/>
</testsuite> <!-- Academytoolsqa.ReadWriteExcel -->
