<?xml version="1.0" encoding="UTF-8"?>
<!-- Generated by org.testng.reporters.JUnitReportReporter -->
<testsuite hostname="LENOVO-B40" failures="0" tests="1" name="Academytoolsqa.ssss" time="0.016" errors="0" timestamp="2020-10-12T20:56:41 IST" skipped="0">
  <testcase classname="Academytoolsqa.ssss" name="sam" time="0.016"/>
  <system-out/>
</testsuite> <!-- Academytoolsqa.ssss -->
