<?xml version="1.0" encoding="UTF-8"?>
<!-- Generated by org.testng.reporters.JUnitReportReporter -->
<testsuite hostname="LENOVO-B40" failures="0" tests="1" name="Academytoolsqa.testpage" time="18.173" errors="0" timestamp="2020-10-09T12:10:40 IST" skipped="0">
  <testcase classname="Academytoolsqa.testpage" name="sample" time="18.173"/>
  <system-out/>
</testsuite> <!-- Academytoolsqa.testpage -->
