<?xml version="1.0" encoding="UTF-8"?>
<!-- Generated by org.testng.reporters.JUnitReportReporter -->
<testsuite hostname="LENOVO-B40" failures="0" tests="1" name="Academytoolsqa.HomePage2" time="43.910" errors="0" timestamp="2020-10-12T23:06:54 IST" skipped="0">
  <testcase classname="Academytoolsqa.HomePage2" name="clickingLinksSecondrun" time="43.910"/>
  <system-out/>
</testsuite> <!-- Academytoolsqa.HomePage2 -->
