<?xml version="1.0" encoding="UTF-8"?>
<!-- Generated by org.testng.reporters.JUnitReportReporter -->
<testsuite hostname="LENOVO-B40" failures="0" tests="1" name="Academytoolsqa.screenshotcomparing" time="23.275" errors="0" timestamp="2020-10-12T16:24:01 IST" skipped="0">
  <testcase classname="Academytoolsqa.screenshotcomparing" name="testtt" time="23.275"/>
  <system-out/>
</testsuite> <!-- Academytoolsqa.screenshotcomparing -->
