<?xml version="1.0" encoding="UTF-8"?>
<!-- Generated by org.testng.reporters.JUnitReportReporter -->
<testsuite hostname="LENOVO-B40" failures="0" tests="2" name="Academytoolsqa.HomePage3" time="81.584" errors="0" timestamp="2020-10-14T10:20:33 IST" skipped="0">
  <testcase classname="Academytoolsqa.HomePage3" name="clickingLinksSecondrun" time="39.343"/>
  <system-out/>
  <testcase classname="Academytoolsqa.HomePage3" name="clickingLinksFirstrun" time="42.241"/>
  <system-out/>
</testsuite> <!-- Academytoolsqa.HomePage3 -->
