<?xml version="1.0" encoding="UTF-8"?>
<!-- Generated by org.testng.reporters.JUnitReportReporter -->
<testsuite hostname="LENOVO-B40" failures="0" tests="1" name="Academytoolsqa.ScreenshotCompare" time="0.465" errors="0" timestamp="2020-10-14T10:31:14 IST" skipped="0">
  <testcase classname="Academytoolsqa.ScreenshotCompare" name="imageCompare" time="0.465"/>
  <system-out/>
</testsuite> <!-- Academytoolsqa.ScreenshotCompare -->
