<?xml version="1.0" encoding="UTF-8"?>
<!-- Generated by org.testng.reporters.JUnitReportReporter -->
<testsuite hostname="LENOVO-B40" failures="0" tests="1" name="Academytoolsqa.ScreenshotCompare2" time="0.024" errors="0" timestamp="2020-10-09T16:04:05 IST" skipped="0">
  <testcase classname="Academytoolsqa.ScreenshotCompare2" name="compareImages" time="0.024"/>
  <system-out/>
</testsuite> <!-- Academytoolsqa.ScreenshotCompare2 -->
