<?xml version="1.0" encoding="UTF-8"?>
<!-- Generated by org.testng.reporters.JUnitReportReporter -->
<testsuite hostname="LENOVO-B40" failures="0" tests="1" name="Academytoolsqa.HomePage" time="59.811" errors="0" timestamp="2020-09-29T22:25:46 IST" skipped="0">
  <testcase classname="Academytoolsqa.HomePage" name="clickallLinks" time="59.811"/>
  <system-out/>
</testsuite> <!-- Academytoolsqa.HomePage -->
